<?xml version="1.0" encoding="UTF-8"?>
<!-- Generated by org.testng.reporters.JUnitXMLReporter -->
<testsuite ignored="0" hostname="Prasanth" failures="0" tests="6" name="Default test" time="48.998" errors="0" timestamp="2024-10-06T22:03:37 IST">
  <testcase classname="Login.PomMethods" name="invalidEmail" time="1.939"/>
  <testcase classname="Login.PomMethods" name="invalidPassword" time="1.141"/>
  <testcase classname="Login.PomMethods" name="bothValid" time="9.523"/>
  <testcase classname="Login.PomMethods" name="client" time="10.17"/>
  <testcase classname="Login.PomMethods" name="datasOfClientPage" time="20.164"/>
  <testcase classname="Login.PomMethods" name="getDatas" time="0.179"/>
</testsuite> <!-- Default test -->
