<?xml version="1.0" encoding="UTF-8"?>
<testng-results ignored="0" total="6" passed="6" failed="0" skipped="0">
  <reporter-output>
  </reporter-output>
  <suite started-at="2024-10-06T22:02:48 IST" name="Default suite" finished-at="2024-10-06T22:03:37 IST" duration-ms="48998">
    <groups>
    </groups>
    <test started-at="2024-10-06T22:02:48 IST" name="Default test" finished-at="2024-10-06T22:03:37 IST" duration-ms="48998">
      <class name="Login.PomMethods">
        <test-method is-config="true" signature="startMethod()[pri:0, instance:Login.PomMethods@7e07db1f]" started-at="2024-10-06T22:02:48 IST" name="startMethod" finished-at="2024-10-06T22:02:53 IST" duration-ms="5480" status="PASS">
          <reporter-output>
          </reporter-output>
        </test-method> <!-- startMethod -->
        <test-method signature="invalidEmail()[pri:1, instance:Login.PomMethods@7e07db1f]" started-at="2024-10-06T22:02:53 IST" name="invalidEmail" finished-at="2024-10-06T22:02:55 IST" duration-ms="1939" status="PASS">
          <reporter-output>
          </reporter-output>
        </test-method> <!-- invalidEmail -->
        <test-method signature="invalidPassword()[pri:2, instance:Login.PomMethods@7e07db1f]" started-at="2024-10-06T22:02:55 IST" name="invalidPassword" finished-at="2024-10-06T22:02:57 IST" duration-ms="1141" status="PASS">
          <reporter-output>
          </reporter-output>
        </test-method> <!-- invalidPassword -->
        <test-method signature="bothValid()[pri:3, instance:Login.PomMethods@7e07db1f]" started-at="2024-10-06T22:02:57 IST" name="bothValid" finished-at="2024-10-06T22:03:06 IST" duration-ms="9523" status="PASS">
          <reporter-output>
          </reporter-output>
        </test-method> <!-- bothValid -->
        <test-method signature="client()[pri:4, instance:Login.PomMethods@7e07db1f]" started-at="2024-10-06T22:03:06 IST" name="client" finished-at="2024-10-06T22:03:16 IST" duration-ms="10170" status="PASS">
          <reporter-output>
          </reporter-output>
        </test-method> <!-- client -->
        <test-method signature="datasOfClientPage()[pri:5, instance:Login.PomMethods@7e07db1f]" started-at="2024-10-06T22:03:16 IST" name="datasOfClientPage" finished-at="2024-10-06T22:03:36 IST" duration-ms="20164" status="PASS">
          <reporter-output>
          </reporter-output>
        </test-method> <!-- datasOfClientPage -->
        <test-method signature="getDatas()[pri:6, instance:Login.PomMethods@7e07db1f]" started-at="2024-10-06T22:03:36 IST" name="getDatas" finished-at="2024-10-06T22:03:37 IST" duration-ms="179" status="PASS">
          <reporter-output>
          </reporter-output>
        </test-method> <!-- getDatas -->
        <test-method is-config="true" signature="startMethodpostcondition()[pri:0, instance:Login.PomMethods@7e07db1f]" started-at="2024-10-06T22:03:37 IST" name="startMethodpostcondition" finished-at="2024-10-06T22:03:37 IST" duration-ms="1" status="PASS">
          <reporter-output>
          </reporter-output>
        </test-method> <!-- startMethodpostcondition -->
      </class> <!-- Login.PomMethods -->
    </test> <!-- Default test -->
  </suite> <!-- Default suite -->
</testng-results>
